[+] Containers:
 |- [+] Container: /Game/Levels/Level3
 |   |- [+] ActorDescs:
 |   |   |- Guid:0A31E7034B14BB27F8F2A08EFF801304 BaseClass: NativeClass:/Script/Engine.PlayerStart Name:PlayerStart_UAID_A0595066C34362A101_1587621428 Label:PlayerStart SpatiallyLoaded:0 Bounds:IsValid=true, Min=(X=-740.000 Y=-40.000 Z=238.000), Max=(X=-660.000 Y=40.000 Z=422.000) RuntimeGrid:None EditorOnly:0 RuntimeOnly:0 HLODRelevant:0
 |   |   |- Guid:3394BE96446BE14340E87DA3D8D72FA1 BaseClass: NativeClass:/Script/Engine.WorldDataLayers Name:WorldDataLayers Label:WorldDataLayers-1 SpatiallyLoaded:0 Bounds:IsValid=true, Min=(X=0.000 Y=0.000 Z=0.000), Max=(X=0.000 Y=0.000 Z=0.000) RuntimeGrid:None EditorOnly:0 RuntimeOnly:0 HLODRelevant:0
 |   |   |- Guid:3B337D2D46E3304B66664FA179118056 BaseClass: NativeClass:/Script/Paper2D.PaperTileMapActor Name:PaperTileMapActor_UAID_047C164F758873A901_1725552872 Label:T_Level2_TileMap10 SpatiallyLoaded:1 Bounds:IsValid=true, Min=(X=1568.000 Y=-125.000 Z=-190.000), Max=(X=2592.000 Y=-75.000 Z=322.000) RuntimeGrid:None EditorOnly:0 RuntimeOnly:0 HLODRelevant:0
 |   |   |- Guid:4452999A419CCFDB1BB17488C2A8B705 BaseClass: NativeClass:/Script/Paper2D.PaperTileMapActor Name:PaperTileMapActor_UAID_047C164F758873A901_1725552873 Label:T_Level2_TileMap11 SpatiallyLoaded:1 Bounds:IsValid=true, Min=(X=2588.000 Y=-125.000 Z=-190.000), Max=(X=3612.000 Y=-75.000 Z=322.000) RuntimeGrid:None EditorOnly:0 RuntimeOnly:0 HLODRelevant:0
 |   |   |- Guid:4A56A69047FCA29CC51320B14EC13D98 BaseClass: NativeClass:/Script/Paper2D.PaperTileMapActor Name:PaperTileMapActor_UAID_047C164F758873A901_1786867874 Label:T_Level2_Terrain_TileMap SpatiallyLoaded:1 Bounds:IsValid=true, Min=(X=-1432.000 Y=-25.000 Z=-448.000), Max=(X=3688.000 Y=25.000 Z=832.000) RuntimeGrid:None EditorOnly:0 RuntimeOnly:0 HLODRelevant:0
 |   |   |- Guid:4F327B44473176CDA8A611B8D7864853 BaseClass: NativeClass:/Script/Landscape.Landscape Name:Landscape_UAID_A85E45CFE404FBD100_1221515703 Label:Landscape SpatiallyLoaded:0 Bounds:IsValid=true, Min=(X=-100800.000 Y=-100800.000 Z=100.000), Max=(X=-100800.000 Y=-100800.000 Z=100.000) RuntimeGrid:None EditorOnly:0 RuntimeOnly:0 HLODRelevant:0
 |   |   |- Guid:62D5C228404A14E4D3C94C8F90AA7732 BaseClass: NativeClass:/Script/Paper2D.PaperTileMapActor Name:PaperTileMapActor_UAID_047C164F758873A901_1725551871 Label:T_Level2_TileMap9 SpatiallyLoaded:1 Bounds:IsValid=true, Min=(X=538.000 Y=-125.000 Z=-190.000), Max=(X=1562.000 Y=-75.000 Z=322.000) RuntimeGrid:None EditorOnly:0 RuntimeOnly:0 HLODRelevant:0
 |   |   |- Guid:7ACF74F341C8180C317D039A43E3EEF9 BaseClass: NativeClass:/Script/Engine.VolumetricCloud Name:VolumetricCloud_UAID_A85E45CFE40401D200_1470381760 Label:VolumetricCloud SpatiallyLoaded:0 Bounds:IsValid=true, Min=(X=0.000 Y=0.000 Z=0.000), Max=(X=0.000 Y=0.000 Z=0.000) RuntimeGrid:None EditorOnly:0 RuntimeOnly:0 HLODRelevant:0 FolderPath:Lighting FolderGuid:B7E9BD5B45A652654791988DEF54CCEB
 |   |   |- Guid:8695B51B428773BBCB417BB34A660366 BaseClass: NativeClass:/Script/Paper2D.PaperTileMapActor Name:PaperTileMapActor_UAID_047C164F758873A901_1596007863 Label:T_Level2_TileMap SpatiallyLoaded:1 Bounds:IsValid=true, Min=(X=-1502.000 Y=-125.000 Z=320.000), Max=(X=-478.000 Y=-75.000 Z=832.000) RuntimeGrid:None EditorOnly:0 RuntimeOnly:0 HLODRelevant:0
 |   |   |- Guid:8B5E8F3340190C237391E4B960B999F0 BaseClass: NativeClass:/Script/Engine.DirectionalLight Name:DirectionalLight_UAID_A85E45CFE40401D200_1470382761 Label:DirectionalLight SpatiallyLoaded:0 Bounds:IsValid=true, Min=(X=-4398046511104.000 Y=-4398046511104.000 Z=-4398046511104.000), Max=(X=4398046511104.000 Y=4398046511104.000 Z=4398046511104.000) RuntimeGrid:None EditorOnly:0 RuntimeOnly:0 HLODRelevant:0 FolderPath:Lighting FolderGuid:B7E9BD5B45A652654791988DEF54CCEB
 |   |   |- Guid:9130DA3644EFF3A0B9D39289E7C29067 BaseClass: NativeClass:/Script/Paper2D.PaperTileMapActor Name:PaperTileMapActor_UAID_047C164F758873A901_1665388865 Label:T_Level2_TileMap3 SpatiallyLoaded:1 Bounds:IsValid=true, Min=(X=538.000 Y=-125.000 Z=320.000), Max=(X=1562.000 Y=-75.000 Z=832.000) RuntimeGrid:None EditorOnly:0 RuntimeOnly:0 HLODRelevant:0
 |   |   |- Guid:97F9831F429718C8108545AFC1F95CBC BaseClass: NativeClass:/Script/Engine.ExponentialHeightFog Name:ExponentialHeightFog_UAID_A85E45CFE40401D200_1470382763 Label:ExponentialHeightFog SpatiallyLoaded:0 Bounds:IsValid=true, Min=(X=-5600.000 Y=-50.000 Z=-6850.000), Max=(X=-5600.000 Y=-50.000 Z=-6850.000) RuntimeGrid:None EditorOnly:0 RuntimeOnly:0 HLODRelevant:0 FolderPath:Lighting FolderGuid:B7E9BD5B45A652654791988DEF54CCEB
 |   |   |- Guid:A1A7B3AF4599D95EF0302589C69D0CFE BaseClass: NativeClass:/Script/Paper2D.PaperTileMapActor Name:PaperTileMapActor_UAID_047C164F758873A901_1725548869 Label:T_Level2_TileMap7 SpatiallyLoaded:1 Bounds:IsValid=true, Min=(X=-1502.000 Y=-125.000 Z=-190.000), Max=(X=-478.000 Y=-75.000 Z=322.000) RuntimeGrid:None EditorOnly:0 RuntimeOnly:0 HLODRelevant:0
 |   |   |- Guid:AE9409904A4B238760AAE0BD75A14F52 BaseClass: NativeClass:/Script/Engine.SkyLight Name:SkyLight_UAID_A85E45CFE40401D200_1470380759 Label:SkyLight SpatiallyLoaded:0 Bounds:IsValid=true, Min=(X=0.000 Y=0.000 Z=0.000), Max=(X=0.000 Y=0.000 Z=0.000) RuntimeGrid:None EditorOnly:0 RuntimeOnly:0 HLODRelevant:0 FolderPath:Lighting FolderGuid:B7E9BD5B45A652654791988DEF54CCEB
 |   |   |- Guid:B52CDE1E450262FCC9FE0B82C84D5B5A BaseClass: NativeClass:/Script/Paper2D.PaperTileMapActor Name:PaperTileMapActor_UAID_047C164F758873A901_1674124866 Label:T_Level2_TileMap4 SpatiallyLoaded:1 Bounds:IsValid=true, Min=(X=1568.000 Y=-125.000 Z=320.000), Max=(X=2592.000 Y=-75.000 Z=832.000) RuntimeGrid:None EditorOnly:0 RuntimeOnly:0 HLODRelevant:0
 |   |   |- Guid:B6530EDE4D6F92C4A2B90E9A14950D15 BaseClass: NativeClass:/Script/Paper2D.PaperTileMapActor Name:PaperTileMapActor_UAID_047C164F758873A901_1725551870 Label:T_Level2_TileMap8 SpatiallyLoaded:1 Bounds:IsValid=true, Min=(X=-482.000 Y=-125.000 Z=-190.000), Max=(X=542.000 Y=-75.000 Z=322.000) RuntimeGrid:None EditorOnly:0 RuntimeOnly:0 HLODRelevant:0
 |   |   |- Guid:CC8656744764625D2BD060BF9CE5BDE4 BaseClass: NativeClass:/Script/Paper2D.PaperTileMapActor Name:PaperTileMapActor_UAID_047C164F758873A901_1656855864 Label:T_Level2_TileMap2 SpatiallyLoaded:1 Bounds:IsValid=true, Min=(X=-482.000 Y=-125.000 Z=320.000), Max=(X=542.000 Y=-75.000 Z=832.000) RuntimeGrid:None EditorOnly:0 RuntimeOnly:0 HLODRelevant:0
 |   |   |- Guid:D79DF5BA4045A6E889DD84A464EC08CD BaseClass: NativeClass:/Script/Paper2D.PaperTileMapActor Name:PaperTileMapActor_UAID_047C164F758873A901_1688463868 Label:T_Level2_TileMap6 SpatiallyLoaded:1 Bounds:IsValid=true, Min=(X=2588.000 Y=-125.000 Z=320.000), Max=(X=3612.000 Y=-75.000 Z=832.000) RuntimeGrid:None EditorOnly:0 RuntimeOnly:0 HLODRelevant:0
 |   |   |- Guid:DEF0C9704E4636AD7823F0B84ABA28D3 BaseClass: NativeClass:/Script/Engine.StaticMeshActor Name:StaticMeshActor_UAID_A4AE111137DC54FB00_1240666663 Label:SM_SkySphere SpatiallyLoaded:0 Bounds:IsValid=true, Min=(X=-1638400.000 Y=-1638400.000 Z=-1638400.000), Max=(X=1638400.000 Y=1638400.000 Z=1638400.000) RuntimeGrid:None EditorOnly:0 RuntimeOnly:0 HLODRelevant:0 FolderPath:Lighting FolderGuid:B7E9BD5B45A652654791988DEF54CCEB
 |   |   |- Guid:E3005FFF4A15256491124297581E5CB4 BaseClass: NativeClass:/Script/Paper2D.PaperTileMapActor Name:PaperTileMapActor_UAID_047C164F758873A901_1677762867 Label:T_Level2_TileMap5 SpatiallyLoaded:1 Bounds:IsValid=true, Min=(X=1568.000 Y=-125.000 Z=320.000), Max=(X=2592.000 Y=-75.000 Z=832.000) RuntimeGrid:None EditorOnly:0 RuntimeOnly:0 HLODRelevant:0
 |   |   |- Guid:ED8B442542E9124170A5678A43732984 BaseClass:/Game/Blueprints/Interactives/BP_InteractiveEndGoal.BP_InteractiveEndGoal_C NativeClass:/Script/Engine.Actor Name:BP_InteractiveEndGoal_C_UAID_047C164F758873A901_1334185868 Label:BP_InteractiveEndGoal SpatiallyLoaded:1 Bounds:IsValid=true, Min=(X=1104.075 Y=-48.000 Z=125.000), Max=(X=1235.700 Y=48.000 Z=263.150) RuntimeGrid:None EditorOnly:0 RuntimeOnly:0 HLODRelevant:0
 |   |   |- Guid:F445C4844AA047D3C319C083B22D7697 BaseClass: NativeClass:/Script/Engine.SkyAtmosphere Name:SkyAtmosphere_UAID_A85E45CFE40401D200_1470382762 Label:SkyAtmosphere SpatiallyLoaded:0 Bounds:IsValid=true, Min=(X=0.000 Y=0.000 Z=0.000), Max=(X=0.000 Y=0.000 Z=0.000) RuntimeGrid:None EditorOnly:0 RuntimeOnly:0 HLODRelevant:0 FolderPath:Lighting FolderGuid:B7E9BD5B45A652654791988DEF54CCEB
 |   |- [+] Clusters:
 |   |   |- [+] [  0]
 |   |   |   |- Guid:8B5E8F3340190C237391E4B960B999F0 BaseClass: NativeClass:/Script/Engine.DirectionalLight Name:DirectionalLight_UAID_A85E45CFE40401D200_1470382761 Label:DirectionalLight SpatiallyLoaded:0 Bounds:IsValid=true, Min=(X=-4398046511104.000 Y=-4398046511104.000 Z=-4398046511104.000), Max=(X=4398046511104.000 Y=4398046511104.000 Z=4398046511104.000) RuntimeGrid:None EditorOnly:0 RuntimeOnly:0 HLODRelevant:0 FolderPath:Lighting FolderGuid:B7E9BD5B45A652654791988DEF54CCEB
 |   |   |- [+] [  1]
 |   |   |   |- Guid:3B337D2D46E3304B66664FA179118056 BaseClass: NativeClass:/Script/Paper2D.PaperTileMapActor Name:PaperTileMapActor_UAID_047C164F758873A901_1725552872 Label:T_Level2_TileMap10 SpatiallyLoaded:1 Bounds:IsValid=true, Min=(X=1568.000 Y=-125.000 Z=-190.000), Max=(X=2592.000 Y=-75.000 Z=322.000) RuntimeGrid:None EditorOnly:0 RuntimeOnly:0 HLODRelevant:0
 |   |   |- [+] [  2]
 |   |   |   |- Guid:4A56A69047FCA29CC51320B14EC13D98 BaseClass: NativeClass:/Script/Paper2D.PaperTileMapActor Name:PaperTileMapActor_UAID_047C164F758873A901_1786867874 Label:T_Level2_Terrain_TileMap SpatiallyLoaded:1 Bounds:IsValid=true, Min=(X=-1432.000 Y=-25.000 Z=-448.000), Max=(X=3688.000 Y=25.000 Z=832.000) RuntimeGrid:None EditorOnly:0 RuntimeOnly:0 HLODRelevant:0
 |   |   |- [+] [  3]
 |   |   |   |- Guid:0A31E7034B14BB27F8F2A08EFF801304 BaseClass: NativeClass:/Script/Engine.PlayerStart Name:PlayerStart_UAID_A0595066C34362A101_1587621428 Label:PlayerStart SpatiallyLoaded:0 Bounds:IsValid=true, Min=(X=-740.000 Y=-40.000 Z=238.000), Max=(X=-660.000 Y=40.000 Z=422.000) RuntimeGrid:None EditorOnly:0 RuntimeOnly:0 HLODRelevant:0
 |   |   |- [+] [  4]
 |   |   |   |- Guid:E3005FFF4A15256491124297581E5CB4 BaseClass: NativeClass:/Script/Paper2D.PaperTileMapActor Name:PaperTileMapActor_UAID_047C164F758873A901_1677762867 Label:T_Level2_TileMap5 SpatiallyLoaded:1 Bounds:IsValid=true, Min=(X=1568.000 Y=-125.000 Z=320.000), Max=(X=2592.000 Y=-75.000 Z=832.000) RuntimeGrid:None EditorOnly:0 RuntimeOnly:0 HLODRelevant:0
 |   |   |- [+] [  5]
 |   |   |   |- Guid:AE9409904A4B238760AAE0BD75A14F52 BaseClass: NativeClass:/Script/Engine.SkyLight Name:SkyLight_UAID_A85E45CFE40401D200_1470380759 Label:SkyLight SpatiallyLoaded:0 Bounds:IsValid=true, Min=(X=0.000 Y=0.000 Z=0.000), Max=(X=0.000 Y=0.000 Z=0.000) RuntimeGrid:None EditorOnly:0 RuntimeOnly:0 HLODRelevant:0 FolderPath:Lighting FolderGuid:B7E9BD5B45A652654791988DEF54CCEB
 |   |   |- [+] [  6]
 |   |   |   |- Guid:A1A7B3AF4599D95EF0302589C69D0CFE BaseClass: NativeClass:/Script/Paper2D.PaperTileMapActor Name:PaperTileMapActor_UAID_047C164F758873A901_1725548869 Label:T_Level2_TileMap7 SpatiallyLoaded:1 Bounds:IsValid=true, Min=(X=-1502.000 Y=-125.000 Z=-190.000), Max=(X=-478.000 Y=-75.000 Z=322.000) RuntimeGrid:None EditorOnly:0 RuntimeOnly:0 HLODRelevant:0
 |   |   |- [+] [  7]
 |   |   |   |- Guid:4452999A419CCFDB1BB17488C2A8B705 BaseClass: NativeClass:/Script/Paper2D.PaperTileMapActor Name:PaperTileMapActor_UAID_047C164F758873A901_1725552873 Label:T_Level2_TileMap11 SpatiallyLoaded:1 Bounds:IsValid=true, Min=(X=2588.000 Y=-125.000 Z=-190.000), Max=(X=3612.000 Y=-75.000 Z=322.000) RuntimeGrid:None EditorOnly:0 RuntimeOnly:0 HLODRelevant:0
 |   |   |- [+] [  8]
 |   |   |   |- Guid:D79DF5BA4045A6E889DD84A464EC08CD BaseClass: NativeClass:/Script/Paper2D.PaperTileMapActor Name:PaperTileMapActor_UAID_047C164F758873A901_1688463868 Label:T_Level2_TileMap6 SpatiallyLoaded:1 Bounds:IsValid=true, Min=(X=2588.000 Y=-125.000 Z=320.000), Max=(X=3612.000 Y=-75.000 Z=832.000) RuntimeGrid:None EditorOnly:0 RuntimeOnly:0 HLODRelevant:0
 |   |   |- [+] [  9]
 |   |   |   |- Guid:9130DA3644EFF3A0B9D39289E7C29067 BaseClass: NativeClass:/Script/Paper2D.PaperTileMapActor Name:PaperTileMapActor_UAID_047C164F758873A901_1665388865 Label:T_Level2_TileMap3 SpatiallyLoaded:1 Bounds:IsValid=true, Min=(X=538.000 Y=-125.000 Z=320.000), Max=(X=1562.000 Y=-75.000 Z=832.000) RuntimeGrid:None EditorOnly:0 RuntimeOnly:0 HLODRelevant:0
 |   |   |- [+] [ 10]
 |   |   |   |- Guid:97F9831F429718C8108545AFC1F95CBC BaseClass: NativeClass:/Script/Engine.ExponentialHeightFog Name:ExponentialHeightFog_UAID_A85E45CFE40401D200_1470382763 Label:ExponentialHeightFog SpatiallyLoaded:0 Bounds:IsValid=true, Min=(X=-5600.000 Y=-50.000 Z=-6850.000), Max=(X=-5600.000 Y=-50.000 Z=-6850.000) RuntimeGrid:None EditorOnly:0 RuntimeOnly:0 HLODRelevant:0 FolderPath:Lighting FolderGuid:B7E9BD5B45A652654791988DEF54CCEB
 |   |   |- [+] [ 11]
 |   |   |   |- Guid:4F327B44473176CDA8A611B8D7864853 BaseClass: NativeClass:/Script/Landscape.Landscape Name:Landscape_UAID_A85E45CFE404FBD100_1221515703 Label:Landscape SpatiallyLoaded:0 Bounds:IsValid=true, Min=(X=-100800.000 Y=-100800.000 Z=100.000), Max=(X=-100800.000 Y=-100800.000 Z=100.000) RuntimeGrid:None EditorOnly:0 RuntimeOnly:0 HLODRelevant:0
 |   |   |- [+] [ 12]
 |   |   |   |- Guid:B52CDE1E450262FCC9FE0B82C84D5B5A BaseClass: NativeClass:/Script/Paper2D.PaperTileMapActor Name:PaperTileMapActor_UAID_047C164F758873A901_1674124866 Label:T_Level2_TileMap4 SpatiallyLoaded:1 Bounds:IsValid=true, Min=(X=1568.000 Y=-125.000 Z=320.000), Max=(X=2592.000 Y=-75.000 Z=832.000) RuntimeGrid:None EditorOnly:0 RuntimeOnly:0 HLODRelevant:0
 |   |   |- [+] [ 13]
 |   |   |   |- Guid:8695B51B428773BBCB417BB34A660366 BaseClass: NativeClass:/Script/Paper2D.PaperTileMapActor Name:PaperTileMapActor_UAID_047C164F758873A901_1596007863 Label:T_Level2_TileMap SpatiallyLoaded:1 Bounds:IsValid=true, Min=(X=-1502.000 Y=-125.000 Z=320.000), Max=(X=-478.000 Y=-75.000 Z=832.000) RuntimeGrid:None EditorOnly:0 RuntimeOnly:0 HLODRelevant:0
 |   |   |- [+] [ 14]
 |   |   |   |- Guid:F445C4844AA047D3C319C083B22D7697 BaseClass: NativeClass:/Script/Engine.SkyAtmosphere Name:SkyAtmosphere_UAID_A85E45CFE40401D200_1470382762 Label:SkyAtmosphere SpatiallyLoaded:0 Bounds:IsValid=true, Min=(X=0.000 Y=0.000 Z=0.000), Max=(X=0.000 Y=0.000 Z=0.000) RuntimeGrid:None EditorOnly:0 RuntimeOnly:0 HLODRelevant:0 FolderPath:Lighting FolderGuid:B7E9BD5B45A652654791988DEF54CCEB
 |   |   |- [+] [ 15]
 |   |   |   |- Guid:7ACF74F341C8180C317D039A43E3EEF9 BaseClass: NativeClass:/Script/Engine.VolumetricCloud Name:VolumetricCloud_UAID_A85E45CFE40401D200_1470381760 Label:VolumetricCloud SpatiallyLoaded:0 Bounds:IsValid=true, Min=(X=0.000 Y=0.000 Z=0.000), Max=(X=0.000 Y=0.000 Z=0.000) RuntimeGrid:None EditorOnly:0 RuntimeOnly:0 HLODRelevant:0 FolderPath:Lighting FolderGuid:B7E9BD5B45A652654791988DEF54CCEB
 |   |   |- [+] [ 16]
 |   |   |   |- Guid:CC8656744764625D2BD060BF9CE5BDE4 BaseClass: NativeClass:/Script/Paper2D.PaperTileMapActor Name:PaperTileMapActor_UAID_047C164F758873A901_1656855864 Label:T_Level2_TileMap2 SpatiallyLoaded:1 Bounds:IsValid=true, Min=(X=-482.000 Y=-125.000 Z=320.000), Max=(X=542.000 Y=-75.000 Z=832.000) RuntimeGrid:None EditorOnly:0 RuntimeOnly:0 HLODRelevant:0
 |   |   |- [+] [ 17]
 |   |   |   |- Guid:3394BE96446BE14340E87DA3D8D72FA1 BaseClass: NativeClass:/Script/Engine.WorldDataLayers Name:WorldDataLayers Label:WorldDataLayers-1 SpatiallyLoaded:0 Bounds:IsValid=true, Min=(X=0.000 Y=0.000 Z=0.000), Max=(X=0.000 Y=0.000 Z=0.000) RuntimeGrid:None EditorOnly:0 RuntimeOnly:0 HLODRelevant:0
 |   |   |- [+] [ 18]
 |   |   |   |- Guid:62D5C228404A14E4D3C94C8F90AA7732 BaseClass: NativeClass:/Script/Paper2D.PaperTileMapActor Name:PaperTileMapActor_UAID_047C164F758873A901_1725551871 Label:T_Level2_TileMap9 SpatiallyLoaded:1 Bounds:IsValid=true, Min=(X=538.000 Y=-125.000 Z=-190.000), Max=(X=1562.000 Y=-75.000 Z=322.000) RuntimeGrid:None EditorOnly:0 RuntimeOnly:0 HLODRelevant:0
 |   |   |- [+] [ 19]
 |   |   |   |- Guid:ED8B442542E9124170A5678A43732984 BaseClass:/Game/Blueprints/Interactives/BP_InteractiveEndGoal.BP_InteractiveEndGoal_C NativeClass:/Script/Engine.Actor Name:BP_InteractiveEndGoal_C_UAID_047C164F758873A901_1334185868 Label:BP_InteractiveEndGoal SpatiallyLoaded:1 Bounds:IsValid=true, Min=(X=1104.075 Y=-48.000 Z=125.000), Max=(X=1235.700 Y=48.000 Z=263.150) RuntimeGrid:None EditorOnly:0 RuntimeOnly:0 HLODRelevant:0
 |   |   |- [+] [ 20]
 |   |   |   |- Guid:DEF0C9704E4636AD7823F0B84ABA28D3 BaseClass: NativeClass:/Script/Engine.StaticMeshActor Name:StaticMeshActor_UAID_A4AE111137DC54FB00_1240666663 Label:SM_SkySphere SpatiallyLoaded:0 Bounds:IsValid=true, Min=(X=-1638400.000 Y=-1638400.000 Z=-1638400.000), Max=(X=1638400.000 Y=1638400.000 Z=1638400.000) RuntimeGrid:None EditorOnly:0 RuntimeOnly:0 HLODRelevant:0 FolderPath:Lighting FolderGuid:B7E9BD5B45A652654791988DEF54CCEB
 |   |   |- [+] [ 21]
 |   |   |   |- Guid:B6530EDE4D6F92C4A2B90E9A14950D15 BaseClass: NativeClass:/Script/Paper2D.PaperTileMapActor Name:PaperTileMapActor_UAID_047C164F758873A901_1725551870 Label:T_Level2_TileMap8 SpatiallyLoaded:1 Bounds:IsValid=true, Min=(X=-482.000 Y=-125.000 Z=-190.000), Max=(X=542.000 Y=-75.000 Z=322.000) RuntimeGrid:None EditorOnly:0 RuntimeOnly:0 HLODRelevant:0
 |- ContainerInstances:
 |- [+] MainContainer:
 |   |-        ID: 0x0000000000000000
 |   |-    Bounds: IsValid=true, Min=(X=-1502.000 Y=-125.000 Z=-448.000), Max=(X=3688.000 Y=48.000 Z=832.000)
 |   |- Transform: 0.000000,0.000000,0.000000|0.000000,0.000000,-0.000000|1.000000,1.000000,1.000000
 |   |- Container: /Game/Levels/Level3
----------------------------------------------------------------------------------------------------------------
Level3 - Persistent Level
----------------------------------------------------------------------------------------------------------------
Always loaded Actor Count: 29 

----------------------------------------------------------------------------------------------------------------
Level3 - Runtime Spatial Hash - Streaming Grid - MainGrid
----------------------------------------------------------------------------------------------------------------
            Origin: X=0.000 Y=0.000 Z=0.000
         Cell Size: 25600
      World Bounds: IsValid=true, Min=(X=-1502.000 Y=-125.000 Z=-448.000), Max=(X=3688.000 Y=48.000 Z=832.000)
     Loading Range: 76800.00
Block Slow Loading: No
 ClientOnlyVisible: No

[+] Grid Levels: 2
 |- Level  0: Cell Count    2 | Cell Size   25600 | Actor Count    9 (100.0%)
 |- Level  1: Cell Count    0 | Cell Size   51200 | Actor Count    0 (0.0%)

[+] Content of Grid Level 0
 |- [+] Content of Cell MainGrid_L0_X0_Y-1
 |   |- Actor Count: 7
 |   |- Actor Path: /Game/Levels/Level3.Level3:PersistentLevel.PaperTileMapActor_UAID_047C164F758873A901_1725552872
 |   |- Actor Package: /Game/__ExternalActors__/Levels/Level3/1/AF/XQ9VW1GG9JARH9MEPV0X3D
 |   |- Actor Path: /Game/Levels/Level3.Level3:PersistentLevel.PaperTileMapActor_UAID_047C164F758873A901_1677762867
 |   |- Actor Package: /Game/__ExternalActors__/Levels/Level3/2/OJ/A7PL0PCVXKKDM2CJZ0FW5Z
 |   |- Actor Path: /Game/Levels/Level3.Level3:PersistentLevel.PaperTileMapActor_UAID_047C164F758873A901_1725552873
 |   |- Actor Package: /Game/__ExternalActors__/Levels/Level3/6/35/8NQH6HMJNO4UYDEQJLZ9KV
 |   |- Actor Path: /Game/Levels/Level3.Level3:PersistentLevel.PaperTileMapActor_UAID_047C164F758873A901_1688463868
 |   |- Actor Package: /Game/__ExternalActors__/Levels/Level3/7/CO/I3S59CKR8RR5NVRFTAHDRS
 |   |- Actor Path: /Game/Levels/Level3.Level3:PersistentLevel.PaperTileMapActor_UAID_047C164F758873A901_1665388865
 |   |- Actor Package: /Game/__ExternalActors__/Levels/Level3/7/XS/T86K2N4SKW5FXEJSPH8FW3
 |   |- Actor Path: /Game/Levels/Level3.Level3:PersistentLevel.PaperTileMapActor_UAID_047C164F758873A901_1674124866
 |   |- Actor Package: /Game/__ExternalActors__/Levels/Level3/A/26/76OA5OSKWOLEU43CFUW7TP
 |   |- Actor Path: /Game/Levels/Level3.Level3:PersistentLevel.PaperTileMapActor_UAID_047C164F758873A901_1725551871
 |   |- Actor Package: /Game/__ExternalActors__/Levels/Level3/D/G1/TXWEL1D3LMPZSTG6XE8N5Y
 |- [+] Content of Cell MainGrid_L0_X-1_Y-1
 |   |- Actor Count: 2
 |   |- Actor Path: /Game/Levels/Level3.Level3:PersistentLevel.PaperTileMapActor_UAID_047C164F758873A901_1725548869
 |   |- Actor Package: /Game/__ExternalActors__/Levels/Level3/5/FT/QK7E9TFGHQYRSIJPPHK6OZ
 |   |- Actor Path: /Game/Levels/Level3.Level3:PersistentLevel.PaperTileMapActor_UAID_047C164F758873A901_1596007863
 |   |- Actor Package: /Game/__ExternalActors__/Levels/Level3/A/T4/6PTYYPJN3MITKF5H64O46F
[+] Content of Grid Level 1

