[+] Containers:
 |- [+] Container: /Game/Levels/Level5
 |   |- [+] ActorDescs:
 |   |   |- Guid:07A5161D451BC8433A2F8289A3A08419 BaseClass: NativeClass:/Script/Paper2D.PaperTileMapActor Name:PaperTileMapActor_UAID_047C164F758873A901_1677762867 Label:T_Level2_TileMap5 SpatiallyLoaded:1 Bounds:IsValid=true, Min=(X=1568.000 Y=-125.000 Z=320.000), Max=(X=2592.000 Y=-75.000 Z=832.000) RuntimeGrid:None EditorOnly:0 RuntimeOnly:0 HLODRelevant:0
 |   |   |- Guid:0CFF81A2498261D43ED0EAA2683DDEA0 BaseClass: NativeClass:/Script/Paper2D.PaperTileMapActor Name:PaperTileMapActor_UAID_047C164F758873A901_1725552873 Label:T_Level2_TileMap11 SpatiallyLoaded:1 Bounds:IsValid=true, Min=(X=2588.000 Y=-125.000 Z=-190.000), Max=(X=3612.000 Y=-75.000 Z=322.000) RuntimeGrid:None EditorOnly:0 RuntimeOnly:0 HLODRelevant:0
 |   |   |- Guid:10CA8D67439BEAA436FC2A9A1CDFFA5B BaseClass:/Game/Blueprints/Interactives/BP_InteractiveCheckpoint.BP_InteractiveCheckpoint_C NativeClass:/Script/Engine.Actor Name:BP_InteractiveCheckpoint_C_UAID_A0595066C34356B201_1980619275 Label:BP_InteractiveCheckpoint SpatiallyLoaded:1 Bounds:IsValid=true, Min=(X=2202.000 Y=-32.000 Z=252.000), Max=(X=2257.500 Y=32.000 Z=348.000) RuntimeGrid:None EditorOnly:0 RuntimeOnly:0 HLODRelevant:0
 |   |   |- Guid:116E5F4543E0813540C14B99A79480FD BaseClass:/Game/Blueprints/Interactives/BP_InteractiveSpike.BP_InteractiveSpike_C NativeClass:/Script/Engine.Actor Name:BP_InteractiveSpike_C_UAID_A0595066C34357B201_1160364458 Label:BP_InteractiveSpike2 SpatiallyLoaded:1 Bounds:IsValid=true, Min=(X=1856.000 Y=-1.000 Z=67.500), Max=(X=1944.000 Y=1.000 Z=164.000) RuntimeGrid:None EditorOnly:0 RuntimeOnly:0 HLODRelevant:0
 |   |   |- Guid:1627E34B4DF069E04B602E8BF0F93128 BaseClass:/Game/Blueprints/Interactives/BP_InteractiveSpike.BP_InteractiveSpike_C NativeClass:/Script/Engine.Actor Name:BP_InteractiveSpike_C_UAID_A0595066C34357B201_1181951459 Label:BP_InteractiveSpike3 SpatiallyLoaded:1 Bounds:IsValid=true, Min=(X=1426.000 Y=-1.000 Z=67.500), Max=(X=1514.000 Y=1.000 Z=164.000) RuntimeGrid:None EditorOnly:0 RuntimeOnly:0 HLODRelevant:0
 |   |   |- Guid:3572334D4EDC5FC3C5D92D9988EB0E6E BaseClass: NativeClass:/Script/Engine.VolumetricCloud Name:VolumetricCloud_UAID_A85E45CFE40401D200_1470381760 Label:VolumetricCloud SpatiallyLoaded:0 Bounds:IsValid=true, Min=(X=0.000 Y=0.000 Z=0.000), Max=(X=0.000 Y=0.000 Z=0.000) RuntimeGrid:None EditorOnly:0 RuntimeOnly:0 HLODRelevant:0 FolderPath:Lighting FolderGuid:B7E9BD5B45A652654791988DEF54CCEB
 |   |   |- Guid:369EE1A24492F7F23F88EBBFCEF9AF4A BaseClass: NativeClass:/Script/Paper2D.PaperTileMapActor Name:PaperTileMapActor_UAID_047C164F758873A901_1656855864 Label:T_Level2_TileMap2 SpatiallyLoaded:1 Bounds:IsValid=true, Min=(X=-482.000 Y=-125.000 Z=320.000), Max=(X=542.000 Y=-75.000 Z=832.000) RuntimeGrid:None EditorOnly:0 RuntimeOnly:0 HLODRelevant:0
 |   |   |- Guid:3D50F3084EEE17C8837A4B845ABC5964 BaseClass: NativeClass:/Script/Paper2D.PaperTileMapActor Name:PaperTileMapActor_UAID_A0595066C34355B201_2144056087 Label:T_Level5_Fixing_TileMap SpatiallyLoaded:1 Bounds:IsValid=true, Min=(X=-1232.000 Y=-25.000 Z=-248.000), Max=(X=3888.000 Y=25.000 Z=1032.000) RuntimeGrid:None EditorOnly:0 RuntimeOnly:0 HLODRelevant:0
 |   |   |- Guid:3E0BB88D4D5D6208B39650A25EA929FE BaseClass: NativeClass:/Script/Landscape.Landscape Name:Landscape_UAID_A85E45CFE404FBD100_1221515703 Label:Landscape SpatiallyLoaded:0 Bounds:IsValid=true, Min=(X=-100800.000 Y=-100800.000 Z=100.000), Max=(X=-100800.000 Y=-100800.000 Z=100.000) RuntimeGrid:None EditorOnly:0 RuntimeOnly:0 HLODRelevant:0
 |   |   |- Guid:43E4BA3642C733F609B7969E644394E4 BaseClass: NativeClass:/Script/Paper2D.PaperTileMapActor Name:PaperTileMapActor_UAID_047C164F758873A901_1725551871 Label:T_Level2_TileMap9 SpatiallyLoaded:1 Bounds:IsValid=true, Min=(X=538.000 Y=-125.000 Z=-190.000), Max=(X=1562.000 Y=-75.000 Z=322.000) RuntimeGrid:None EditorOnly:0 RuntimeOnly:0 HLODRelevant:0
 |   |   |- Guid:46230CD94C9C6E512649D18E406957CF BaseClass:/Game/Blueprints/Enemies/BP_MaskGolem.BP_MaskGolem_C NativeClass:/Script/Paper2D.PaperCharacter Name:BP_MaskGolem_C_UAID_A0595066C34356B201_1734822268 Label:BP_MaskGolem SpatiallyLoaded:1 Bounds:IsValid=true, Min=(X=158.000 Y=-34.000 Z=66.000), Max=(X=270.000 Y=34.000 Z=194.000) RuntimeGrid:None EditorOnly:0 RuntimeOnly:0 HLODRelevant:0
 |   |   |- Guid:4C3655AB4EE297CA6242D29BA83F6272 BaseClass: NativeClass:/Script/Paper2D.PaperTileMapActor Name:PaperTileMapActor_UAID_047C164F758873A901_1665388865 Label:T_Level2_TileMap3 SpatiallyLoaded:1 Bounds:IsValid=true, Min=(X=538.000 Y=-125.000 Z=320.000), Max=(X=1562.000 Y=-75.000 Z=832.000) RuntimeGrid:None EditorOnly:0 RuntimeOnly:0 HLODRelevant:0
 |   |   |- Guid:5BE476F94F38B92769BD04A62277BE0E BaseClass: NativeClass:/Script/Engine.DirectionalLight Name:DirectionalLight_UAID_A85E45CFE40401D200_1470382761 Label:DirectionalLight SpatiallyLoaded:0 Bounds:IsValid=true, Min=(X=-4398046511104.000 Y=-4398046511104.000 Z=-4398046511104.000), Max=(X=4398046511104.000 Y=4398046511104.000 Z=4398046511104.000) RuntimeGrid:None EditorOnly:0 RuntimeOnly:0 HLODRelevant:0 FolderPath:Lighting FolderGuid:B7E9BD5B45A652654791988DEF54CCEB
 |   |   |- Guid:6137896E464AC9E6080A9FB87017C4A5 BaseClass:/Game/Blueprints/Interactives/BP_interactiveHealth.BP_interactiveHealth_C NativeClass:/Script/Engine.Actor Name:BP_interactiveHealth_C_UAID_A0595066C34356B201_2135498279 Label:BP_interactiveHealth SpatiallyLoaded:1 Bounds:IsValid=true, Min=(X=692.000 Y=-1.000 Z=324.000), Max=(X=748.000 Y=1.000 Z=376.000) RuntimeGrid:None EditorOnly:0 RuntimeOnly:0 HLODRelevant:0
 |   |   |- Guid:6B5ED67244F7C6C14547319F2D18F438 BaseClass:/Game/Blueprints/Enemies/BP_EnemyBat.BP_EnemyBat_C NativeClass:/Script/Paper2D.PaperCharacter Name:BP_EnemyBat_C_UAID_A0595066C34356B201_1844294272 Label:BP_EnemyBat SpatiallyLoaded:1 Bounds:IsValid=true, Min=(X=1188.000 Y=-34.000 Z=478.000), Max=(X=1372.000 Y=34.000 Z=582.000) RuntimeGrid:None EditorOnly:0 RuntimeOnly:0 HLODRelevant:0
 |   |   |- Guid:6C4962AA412AA20FAF3BBA900C7C0213 BaseClass:/Game/Blueprints/Interactives/BP_PlayerProjectile.BP_PlayerProjectile_C NativeClass:/Script/Engine.Actor Name:BP_PlayerProjectile_C_UAID_A0595066C34356B201_2099814278 Label:BP_PlayerProjectile3 SpatiallyLoaded:1 Bounds:IsValid=true, Min=(X=374.000 Y=-6.000 Z=202.000), Max=(X=426.000 Y=6.000 Z=218.000) RuntimeGrid:None EditorOnly:0 RuntimeOnly:0 HLODRelevant:0
 |   |   |- Guid:77B9962A4FA78F87A6D85EAF0ADB95D3 BaseClass: NativeClass:/Script/Paper2D.PaperTileMapActor Name:PaperTileMapActor_UAID_047C164F758873A901_1688463868 Label:T_Level2_TileMap6 SpatiallyLoaded:1 Bounds:IsValid=true, Min=(X=2588.000 Y=-125.000 Z=320.000), Max=(X=3612.000 Y=-75.000 Z=832.000) RuntimeGrid:None EditorOnly:0 RuntimeOnly:0 HLODRelevant:0
 |   |   |- Guid:784C7FC34F7ED71DA84EC79DD999F652 BaseClass:/Game/Blueprints/Enemies/BP_MaskGolem.BP_MaskGolem_C NativeClass:/Script/Paper2D.PaperCharacter Name:BP_MaskGolem_C_UAID_A0595066C34357B201_1484809463 Label:BP_MaskGolem5 SpatiallyLoaded:1 Bounds:IsValid=true, Min=(X=2618.000 Y=-34.000 Z=196.000), Max=(X=2730.000 Y=34.000 Z=324.000) RuntimeGrid:None EditorOnly:0 RuntimeOnly:0 HLODRelevant:0
 |   |   |- Guid:7A2C3DE14FAF921306CAFABADA521FC5 BaseClass:/Game/Blueprints/Interactives/BP_DeathWallTrigger.BP_DeathWallTrigger_C NativeClass:/Script/Engine.Actor Name:BP_DeathWallTrigger_C_UAID_A0595066C34356B201_1507685266 Label:BP_DeathWallTrigger SpatiallyLoaded:1 Bounds:IsValid=true, Min=(X=-572.000 Y=-16.000 Z=245.600), Max=(X=-508.000 Y=16.000 Z=277.600) RuntimeGrid:None EditorOnly:0 RuntimeOnly:0 HLODRelevant:0
 |   |   |- Guid:82864F974A800D36C7E39CB4B4706D27 BaseClass: NativeClass:/Script/Engine.SkyLight Name:SkyLight_UAID_A85E45CFE40401D200_1470380759 Label:SkyLight SpatiallyLoaded:0 Bounds:IsValid=true, Min=(X=0.000 Y=0.000 Z=0.000), Max=(X=0.000 Y=0.000 Z=0.000) RuntimeGrid:None EditorOnly:0 RuntimeOnly:0 HLODRelevant:0 FolderPath:Lighting FolderGuid:B7E9BD5B45A652654791988DEF54CCEB
 |   |   |- Guid:82A5741E48C755B9DFD70B800BC1E113 BaseClass:/Game/Blueprints/Interactives/BP_InteractiveSpike.BP_InteractiveSpike_C NativeClass:/Script/Engine.Actor Name:BP_InteractiveSpike_C_UAID_A0595066C34357B201_1189990460 Label:BP_InteractiveSpike4 SpatiallyLoaded:1 Bounds:IsValid=true, Min=(X=1226.000 Y=-1.000 Z=67.500), Max=(X=1314.000 Y=1.000 Z=164.000) RuntimeGrid:None EditorOnly:0 RuntimeOnly:0 HLODRelevant:0
 |   |   |- Guid:88AA66F548095A21815E62A3AD804471 BaseClass: NativeClass:/Script/Engine.StaticMeshActor Name:StaticMeshActor_UAID_A4AE111137DC54FB00_1240666663 Label:SM_SkySphere SpatiallyLoaded:0 Bounds:IsValid=true, Min=(X=-1638400.000 Y=-1638400.000 Z=-1638400.000), Max=(X=1638400.000 Y=1638400.000 Z=1638400.000) RuntimeGrid:None EditorOnly:0 RuntimeOnly:0 HLODRelevant:0 FolderPath:Lighting FolderGuid:B7E9BD5B45A652654791988DEF54CCEB
 |   |   |- Guid:8CDB457447A4C88FF3B0BCB5C446A270 BaseClass:/Game/Blueprints/Enemies/BP_EnemyBat.BP_EnemyBat_C NativeClass:/Script/Paper2D.PaperCharacter Name:BP_EnemyBat_C_UAID_A0595066C34356B201_1880272274 Label:BP_EnemyBat3 SpatiallyLoaded:1 Bounds:IsValid=true, Min=(X=28.000 Y=-34.000 Z=478.000), Max=(X=212.000 Y=34.000 Z=582.000) RuntimeGrid:None EditorOnly:0 RuntimeOnly:0 HLODRelevant:0
 |   |   |- Guid:97E90556486D306B0B10B99F5DF3C365 BaseClass:/Game/Blueprints/Interactives/BP_PlayerProjectile.BP_PlayerProjectile_C NativeClass:/Script/Engine.Actor Name:BP_PlayerProjectile_C_UAID_A0595066C34356B201_2052935277 Label:BP_PlayerProjectile2 SpatiallyLoaded:1 Bounds:IsValid=true, Min=(X=1014.000 Y=-6.000 Z=202.000), Max=(X=1066.000 Y=6.000 Z=218.000) RuntimeGrid:None EditorOnly:0 RuntimeOnly:0 HLODRelevant:0
 |   |   |- Guid:A67159FD41E75ACC876768B86E3C732F BaseClass: NativeClass:/Script/Paper2D.PaperTileMapActor Name:PaperTileMapActor_UAID_047C164F758873A901_1725551870 Label:T_Level2_TileMap8 SpatiallyLoaded:1 Bounds:IsValid=true, Min=(X=-482.000 Y=-125.000 Z=-190.000), Max=(X=542.000 Y=-75.000 Z=322.000) RuntimeGrid:None EditorOnly:0 RuntimeOnly:0 HLODRelevant:0
 |   |   |- Guid:A8C9005E43974D174C35ED85EE09B6DB BaseClass:/Game/Blueprints/Enemies/BP_MaskGolem.BP_MaskGolem_C NativeClass:/Script/Paper2D.PaperCharacter Name:BP_MaskGolem_C_UAID_A0595066C34356B201_1747158269 Label:BP_MaskGolem2 SpatiallyLoaded:1 Bounds:IsValid=true, Min=(X=518.000 Y=-34.000 Z=66.000), Max=(X=630.000 Y=34.000 Z=194.000) RuntimeGrid:None EditorOnly:0 RuntimeOnly:0 HLODRelevant:0
 |   |   |- Guid:B1F2618E4FC9B64DC27CDDB3C958AFBB BaseClass: NativeClass:/Script/Engine.PlayerStart Name:PlayerStart_UAID_A0595066C34362A101_1587621428 Label:PlayerStart SpatiallyLoaded:0 Bounds:IsValid=true, Min=(X=-740.000 Y=-40.000 Z=158.000), Max=(X=-660.000 Y=40.000 Z=342.000) RuntimeGrid:None EditorOnly:0 RuntimeOnly:0 HLODRelevant:0
 |   |   |- Guid:B3098B8B4C1900DFB2259699828BABB9 BaseClass:/Game/Blueprints/Interactives/BP_PlayerProjectile.BP_PlayerProjectile_C NativeClass:/Script/Engine.Actor Name:BP_PlayerProjectile_C_UAID_A0595066C34356B201_2015807276 Label:BP_PlayerProjectile SpatiallyLoaded:1 Bounds:IsValid=true, Min=(X=1654.000 Y=-6.000 Z=212.000), Max=(X=1706.000 Y=6.000 Z=228.000) RuntimeGrid:None EditorOnly:0 RuntimeOnly:0 HLODRelevant:0
 |   |   |- Guid:B9C4B7C5408B351A75597A9A592E5997 BaseClass:/Game/Blueprints/Interactives/BP_InteractiveSpring.BP_InteractiveSpring_C NativeClass:/Script/Engine.Actor Name:BP_InteractiveSpring_C_UAID_A0595066C34357B201_1240611461 Label:BP_InteractiveSpring SpatiallyLoaded:1 Bounds:IsValid=true, Min=(X=136.000 Y=-1.000 Z=65.000), Max=(X=244.000 Y=1.000 Z=174.000) RuntimeGrid:None EditorOnly:0 RuntimeOnly:0 HLODRelevant:0
 |   |   |- Guid:BA57D80B42E114F553411A90A33589FA BaseClass: NativeClass:/Script/Paper2D.PaperTileMapActor Name:PaperTileMapActor_UAID_047C164F758873A901_1725548869 Label:T_Level2_TileMap7 SpatiallyLoaded:1 Bounds:IsValid=true, Min=(X=-1502.000 Y=-125.000 Z=-190.000), Max=(X=-478.000 Y=-75.000 Z=322.000) RuntimeGrid:None EditorOnly:0 RuntimeOnly:0 HLODRelevant:0
 |   |   |- Guid:C30301444B3D8127C7E661BCB206CE2D BaseClass:/Game/Blueprints/Enemies/BP_MaskGolem.BP_MaskGolem_C NativeClass:/Script/Paper2D.PaperCharacter Name:BP_MaskGolem_C_UAID_A0595066C34356B201_1809087271 Label:BP_MaskGolem4 SpatiallyLoaded:1 Bounds:IsValid=true, Min=(X=1818.000 Y=-34.000 Z=66.000), Max=(X=1930.000 Y=34.000 Z=194.000) RuntimeGrid:None EditorOnly:0 RuntimeOnly:0 HLODRelevant:0
 |   |   |- Guid:CAF85D8243EBE8D080EC2B98D8F2AAAB BaseClass: NativeClass:/Script/Engine.ExponentialHeightFog Name:ExponentialHeightFog_UAID_A85E45CFE40401D200_1470382763 Label:ExponentialHeightFog SpatiallyLoaded:0 Bounds:IsValid=true, Min=(X=-5600.000 Y=-50.000 Z=-6850.000), Max=(X=-5600.000 Y=-50.000 Z=-6850.000) RuntimeGrid:None EditorOnly:0 RuntimeOnly:0 HLODRelevant:0 FolderPath:Lighting FolderGuid:B7E9BD5B45A652654791988DEF54CCEB
 |   |   |- Guid:CB04DC114E53CE9D245CB18B6D59FEB6 BaseClass:/Game/Blueprints/Enemies/BP_EnemyBat.BP_EnemyBat_C NativeClass:/Script/Paper2D.PaperCharacter Name:BP_EnemyBat_C_UAID_A0595066C34356B201_1870761273 Label:BP_EnemyBat2 SpatiallyLoaded:1 Bounds:IsValid=true, Min=(X=2008.000 Y=-34.000 Z=478.000), Max=(X=2192.000 Y=34.000 Z=582.000) RuntimeGrid:None EditorOnly:0 RuntimeOnly:0 HLODRelevant:0
 |   |   |- Guid:CC268196449E6100CDE44F8A4A3AEF8F BaseClass: NativeClass:/Script/Paper2D.PaperTileMapActor Name:PaperTileMapActor_UAID_047C164F758873A901_1674124866 Label:T_Level2_TileMap4 SpatiallyLoaded:1 Bounds:IsValid=true, Min=(X=1568.000 Y=-125.000 Z=320.000), Max=(X=2592.000 Y=-75.000 Z=832.000) RuntimeGrid:None EditorOnly:0 RuntimeOnly:0 HLODRelevant:0
 |   |   |- Guid:D0218E014252AE1EEFDB92BF9F2D0C77 BaseClass:/Game/Blueprints/Interactives/BP_InteractiveSpike.BP_InteractiveSpike_C NativeClass:/Script/Engine.Actor Name:BP_InteractiveSpike_C_UAID_A0595066C34357B201_1147359457 Label:BP_InteractiveSpike SpatiallyLoaded:1 Bounds:IsValid=true, Min=(X=2046.000 Y=-1.000 Z=67.500), Max=(X=2134.000 Y=1.000 Z=164.000) RuntimeGrid:None EditorOnly:0 RuntimeOnly:0 HLODRelevant:0
 |   |   |- Guid:D0B7787341AF6CA681F52DA0FBF80A27 BaseClass: NativeClass:/Script/Paper2D.PaperTileMapActor Name:PaperTileMapActor_UAID_047C164F758873A901_1596007863 Label:T_Level2_TileMap SpatiallyLoaded:1 Bounds:IsValid=true, Min=(X=-1502.000 Y=-125.000 Z=320.000), Max=(X=-478.000 Y=-75.000 Z=832.000) RuntimeGrid:None EditorOnly:0 RuntimeOnly:0 HLODRelevant:0
 |   |   |- Guid:D7A244874E62B80A3B425CB4C1F94424 BaseClass:/Game/Blueprints/Interactives/BP_interactiveHealth.BP_interactiveHealth_C NativeClass:/Script/Engine.Actor Name:BP_interactiveHealth_C_UAID_A0595066C34357B201_1090075456 Label:BP_interactiveHealth2 SpatiallyLoaded:1 Bounds:IsValid=true, Min=(X=1332.000 Y=-1.000 Z=324.000), Max=(X=1388.000 Y=1.000 Z=376.000) RuntimeGrid:None EditorOnly:0 RuntimeOnly:0 HLODRelevant:0
 |   |   |- Guid:E6015C5D4FC23405A19967B0893EE2C1 BaseClass:/Game/Blueprints/Enemies/BP_MaskGolem.BP_MaskGolem_C NativeClass:/Script/Paper2D.PaperCharacter Name:BP_MaskGolem_C_UAID_A0595066C34356B201_1771413270 Label:BP_MaskGolem3 SpatiallyLoaded:1 Bounds:IsValid=true, Min=(X=1448.000 Y=-34.000 Z=66.000), Max=(X=1560.000 Y=34.000 Z=194.000) RuntimeGrid:None EditorOnly:0 RuntimeOnly:0 HLODRelevant:0
 |   |   |- Guid:ED3276124B0D76AF0A6EE68E4318A66A BaseClass:/Game/Blueprints/Interactives/BP_InteractiveEndGoal.BP_InteractiveEndGoal_C NativeClass:/Script/Engine.Actor Name:BP_InteractiveEndGoal_C_UAID_047C164F758873A901_1334185868 Label:BP_InteractiveEndGoal SpatiallyLoaded:1 Bounds:IsValid=true, Min=(X=3354.075 Y=-48.000 Z=200.000), Max=(X=3485.700 Y=48.000 Z=338.150) RuntimeGrid:None EditorOnly:0 RuntimeOnly:0 HLODRelevant:0
 |   |   |- Guid:F348BF414FC51314FC49FCAB7F14746E BaseClass: NativeClass:/Script/Paper2D.PaperTileMapActor Name:PaperTileMapActor_UAID_047C164F758873A901_1725552872 Label:T_Level2_TileMap10 SpatiallyLoaded:1 Bounds:IsValid=true, Min=(X=1568.000 Y=-125.000 Z=-190.000), Max=(X=2592.000 Y=-75.000 Z=322.000) RuntimeGrid:None EditorOnly:0 RuntimeOnly:0 HLODRelevant:0
 |   |   |- Guid:F37D225647525458198D2AB33C4F5569 BaseClass: NativeClass:/Script/Engine.WorldDataLayers Name:WorldDataLayers Label:WorldDataLayers-1 SpatiallyLoaded:0 Bounds:IsValid=true, Min=(X=0.000 Y=0.000 Z=0.000), Max=(X=0.000 Y=0.000 Z=0.000) RuntimeGrid:None EditorOnly:0 RuntimeOnly:0 HLODRelevant:0
 |   |   |- Guid:F8885FF343E88F42577827BE58E0ACA8 BaseClass: NativeClass:/Script/Engine.SkyAtmosphere Name:SkyAtmosphere_UAID_A85E45CFE40401D200_1470382762 Label:SkyAtmosphere SpatiallyLoaded:0 Bounds:IsValid=true, Min=(X=0.000 Y=0.000 Z=0.000), Max=(X=0.000 Y=0.000 Z=0.000) RuntimeGrid:None EditorOnly:0 RuntimeOnly:0 HLODRelevant:0 FolderPath:Lighting FolderGuid:B7E9BD5B45A652654791988DEF54CCEB
 |   |- [+] Clusters:
 |   |   |- [+] [  0]
 |   |   |   |- Guid:369EE1A24492F7F23F88EBBFCEF9AF4A BaseClass: NativeClass:/Script/Paper2D.PaperTileMapActor Name:PaperTileMapActor_UAID_047C164F758873A901_1656855864 Label:T_Level2_TileMap2 SpatiallyLoaded:1 Bounds:IsValid=true, Min=(X=-482.000 Y=-125.000 Z=320.000), Max=(X=542.000 Y=-75.000 Z=832.000) RuntimeGrid:None EditorOnly:0 RuntimeOnly:0 HLODRelevant:0
 |   |   |- [+] [  1]
 |   |   |   |- Guid:F8885FF343E88F42577827BE58E0ACA8 BaseClass: NativeClass:/Script/Engine.SkyAtmosphere Name:SkyAtmosphere_UAID_A85E45CFE40401D200_1470382762 Label:SkyAtmosphere SpatiallyLoaded:0 Bounds:IsValid=true, Min=(X=0.000 Y=0.000 Z=0.000), Max=(X=0.000 Y=0.000 Z=0.000) RuntimeGrid:None EditorOnly:0 RuntimeOnly:0 HLODRelevant:0 FolderPath:Lighting FolderGuid:B7E9BD5B45A652654791988DEF54CCEB
 |   |   |- [+] [  2]
 |   |   |   |- Guid:4C3655AB4EE297CA6242D29BA83F6272 BaseClass: NativeClass:/Script/Paper2D.PaperTileMapActor Name:PaperTileMapActor_UAID_047C164F758873A901_1665388865 Label:T_Level2_TileMap3 SpatiallyLoaded:1 Bounds:IsValid=true, Min=(X=538.000 Y=-125.000 Z=320.000), Max=(X=1562.000 Y=-75.000 Z=832.000) RuntimeGrid:None EditorOnly:0 RuntimeOnly:0 HLODRelevant:0
 |   |   |- [+] [  3]
 |   |   |   |- Guid:6B5ED67244F7C6C14547319F2D18F438 BaseClass:/Game/Blueprints/Enemies/BP_EnemyBat.BP_EnemyBat_C NativeClass:/Script/Paper2D.PaperCharacter Name:BP_EnemyBat_C_UAID_A0595066C34356B201_1844294272 Label:BP_EnemyBat SpatiallyLoaded:1 Bounds:IsValid=true, Min=(X=1188.000 Y=-34.000 Z=478.000), Max=(X=1372.000 Y=34.000 Z=582.000) RuntimeGrid:None EditorOnly:0 RuntimeOnly:0 HLODRelevant:0
 |   |   |- [+] [  4]
 |   |   |   |- Guid:77B9962A4FA78F87A6D85EAF0ADB95D3 BaseClass: NativeClass:/Script/Paper2D.PaperTileMapActor Name:PaperTileMapActor_UAID_047C164F758873A901_1688463868 Label:T_Level2_TileMap6 SpatiallyLoaded:1 Bounds:IsValid=true, Min=(X=2588.000 Y=-125.000 Z=320.000), Max=(X=3612.000 Y=-75.000 Z=832.000) RuntimeGrid:None EditorOnly:0 RuntimeOnly:0 HLODRelevant:0
 |   |   |- [+] [  5]
 |   |   |   |- Guid:7A2C3DE14FAF921306CAFABADA521FC5 BaseClass:/Game/Blueprints/Interactives/BP_DeathWallTrigger.BP_DeathWallTrigger_C NativeClass:/Script/Engine.Actor Name:BP_DeathWallTrigger_C_UAID_A0595066C34356B201_1507685266 Label:BP_DeathWallTrigger SpatiallyLoaded:1 Bounds:IsValid=true, Min=(X=-572.000 Y=-16.000 Z=245.600), Max=(X=-508.000 Y=16.000 Z=277.600) RuntimeGrid:None EditorOnly:0 RuntimeOnly:0 HLODRelevant:0
 |   |   |- [+] [  6]
 |   |   |   |- Guid:88AA66F548095A21815E62A3AD804471 BaseClass: NativeClass:/Script/Engine.StaticMeshActor Name:StaticMeshActor_UAID_A4AE111137DC54FB00_1240666663 Label:SM_SkySphere SpatiallyLoaded:0 Bounds:IsValid=true, Min=(X=-1638400.000 Y=-1638400.000 Z=-1638400.000), Max=(X=1638400.000 Y=1638400.000 Z=1638400.000) RuntimeGrid:None EditorOnly:0 RuntimeOnly:0 HLODRelevant:0 FolderPath:Lighting FolderGuid:B7E9BD5B45A652654791988DEF54CCEB
 |   |   |- [+] [  7]
 |   |   |   |- Guid:E6015C5D4FC23405A19967B0893EE2C1 BaseClass:/Game/Blueprints/Enemies/BP_MaskGolem.BP_MaskGolem_C NativeClass:/Script/Paper2D.PaperCharacter Name:BP_MaskGolem_C_UAID_A0595066C34356B201_1771413270 Label:BP_MaskGolem3 SpatiallyLoaded:1 Bounds:IsValid=true, Min=(X=1448.000 Y=-34.000 Z=66.000), Max=(X=1560.000 Y=34.000 Z=194.000) RuntimeGrid:None EditorOnly:0 RuntimeOnly:0 HLODRelevant:0
 |   |   |- [+] [  8]
 |   |   |   |- Guid:BA57D80B42E114F553411A90A33589FA BaseClass: NativeClass:/Script/Paper2D.PaperTileMapActor Name:PaperTileMapActor_UAID_047C164F758873A901_1725548869 Label:T_Level2_TileMap7 SpatiallyLoaded:1 Bounds:IsValid=true, Min=(X=-1502.000 Y=-125.000 Z=-190.000), Max=(X=-478.000 Y=-75.000 Z=322.000) RuntimeGrid:None EditorOnly:0 RuntimeOnly:0 HLODRelevant:0
 |   |   |- [+] [  9]
 |   |   |   |- Guid:CC268196449E6100CDE44F8A4A3AEF8F BaseClass: NativeClass:/Script/Paper2D.PaperTileMapActor Name:PaperTileMapActor_UAID_047C164F758873A901_1674124866 Label:T_Level2_TileMap4 SpatiallyLoaded:1 Bounds:IsValid=true, Min=(X=1568.000 Y=-125.000 Z=320.000), Max=(X=2592.000 Y=-75.000 Z=832.000) RuntimeGrid:None EditorOnly:0 RuntimeOnly:0 HLODRelevant:0
 |   |   |- [+] [ 10]
 |   |   |   |- Guid:CB04DC114E53CE9D245CB18B6D59FEB6 BaseClass:/Game/Blueprints/Enemies/BP_EnemyBat.BP_EnemyBat_C NativeClass:/Script/Paper2D.PaperCharacter Name:BP_EnemyBat_C_UAID_A0595066C34356B201_1870761273 Label:BP_EnemyBat2 SpatiallyLoaded:1 Bounds:IsValid=true, Min=(X=2008.000 Y=-34.000 Z=478.000), Max=(X=2192.000 Y=34.000 Z=582.000) RuntimeGrid:None EditorOnly:0 RuntimeOnly:0 HLODRelevant:0
 |   |   |- [+] [ 11]
 |   |   |   |- Guid:97E90556486D306B0B10B99F5DF3C365 BaseClass:/Game/Blueprints/Interactives/BP_PlayerProjectile.BP_PlayerProjectile_C NativeClass:/Script/Engine.Actor Name:BP_PlayerProjectile_C_UAID_A0595066C34356B201_2052935277 Label:BP_PlayerProjectile2 SpatiallyLoaded:1 Bounds:IsValid=true, Min=(X=1014.000 Y=-6.000 Z=202.000), Max=(X=1066.000 Y=6.000 Z=218.000) RuntimeGrid:None EditorOnly:0 RuntimeOnly:0 HLODRelevant:0
 |   |   |- [+] [ 12]
 |   |   |   |- Guid:A67159FD41E75ACC876768B86E3C732F BaseClass: NativeClass:/Script/Paper2D.PaperTileMapActor Name:PaperTileMapActor_UAID_047C164F758873A901_1725551870 Label:T_Level2_TileMap8 SpatiallyLoaded:1 Bounds:IsValid=true, Min=(X=-482.000 Y=-125.000 Z=-190.000), Max=(X=542.000 Y=-75.000 Z=322.000) RuntimeGrid:None EditorOnly:0 RuntimeOnly:0 HLODRelevant:0
 |   |   |- [+] [ 13]
 |   |   |   |- Guid:43E4BA3642C733F609B7969E644394E4 BaseClass: NativeClass:/Script/Paper2D.PaperTileMapActor Name:PaperTileMapActor_UAID_047C164F758873A901_1725551871 Label:T_Level2_TileMap9 SpatiallyLoaded:1 Bounds:IsValid=true, Min=(X=538.000 Y=-125.000 Z=-190.000), Max=(X=1562.000 Y=-75.000 Z=322.000) RuntimeGrid:None EditorOnly:0 RuntimeOnly:0 HLODRelevant:0
 |   |   |- [+] [ 14]
 |   |   |   |- Guid:F348BF414FC51314FC49FCAB7F14746E BaseClass: NativeClass:/Script/Paper2D.PaperTileMapActor Name:PaperTileMapActor_UAID_047C164F758873A901_1725552872 Label:T_Level2_TileMap10 SpatiallyLoaded:1 Bounds:IsValid=true, Min=(X=1568.000 Y=-125.000 Z=-190.000), Max=(X=2592.000 Y=-75.000 Z=322.000) RuntimeGrid:None EditorOnly:0 RuntimeOnly:0 HLODRelevant:0
 |   |   |- [+] [ 15]
 |   |   |   |- Guid:07A5161D451BC8433A2F8289A3A08419 BaseClass: NativeClass:/Script/Paper2D.PaperTileMapActor Name:PaperTileMapActor_UAID_047C164F758873A901_1677762867 Label:T_Level2_TileMap5 SpatiallyLoaded:1 Bounds:IsValid=true, Min=(X=1568.000 Y=-125.000 Z=320.000), Max=(X=2592.000 Y=-75.000 Z=832.000) RuntimeGrid:None EditorOnly:0 RuntimeOnly:0 HLODRelevant:0
 |   |   |- [+] [ 16]
 |   |   |   |- Guid:784C7FC34F7ED71DA84EC79DD999F652 BaseClass:/Game/Blueprints/Enemies/BP_MaskGolem.BP_MaskGolem_C NativeClass:/Script/Paper2D.PaperCharacter Name:BP_MaskGolem_C_UAID_A0595066C34357B201_1484809463 Label:BP_MaskGolem5 SpatiallyLoaded:1 Bounds:IsValid=true, Min=(X=2618.000 Y=-34.000 Z=196.000), Max=(X=2730.000 Y=34.000 Z=324.000) RuntimeGrid:None EditorOnly:0 RuntimeOnly:0 HLODRelevant:0
 |   |   |- [+] [ 17]
 |   |   |   |- Guid:6137896E464AC9E6080A9FB87017C4A5 BaseClass:/Game/Blueprints/Interactives/BP_interactiveHealth.BP_interactiveHealth_C NativeClass:/Script/Engine.Actor Name:BP_interactiveHealth_C_UAID_A0595066C34356B201_2135498279 Label:BP_interactiveHealth SpatiallyLoaded:1 Bounds:IsValid=true, Min=(X=692.000 Y=-1.000 Z=324.000), Max=(X=748.000 Y=1.000 Z=376.000) RuntimeGrid:None EditorOnly:0 RuntimeOnly:0 HLODRelevant:0
 |   |   |- [+] [ 18]
 |   |   |   |- Guid:10CA8D67439BEAA436FC2A9A1CDFFA5B BaseClass:/Game/Blueprints/Interactives/BP_InteractiveCheckpoint.BP_InteractiveCheckpoint_C NativeClass:/Script/Engine.Actor Name:BP_InteractiveCheckpoint_C_UAID_A0595066C34356B201_1980619275 Label:BP_InteractiveCheckpoint SpatiallyLoaded:1 Bounds:IsValid=true, Min=(X=2202.000 Y=-32.000 Z=252.000), Max=(X=2257.500 Y=32.000 Z=348.000) RuntimeGrid:None EditorOnly:0 RuntimeOnly:0 HLODRelevant:0
 |   |   |- [+] [ 19]
 |   |   |   |- Guid:D0B7787341AF6CA681F52DA0FBF80A27 BaseClass: NativeClass:/Script/Paper2D.PaperTileMapActor Name:PaperTileMapActor_UAID_047C164F758873A901_1596007863 Label:T_Level2_TileMap SpatiallyLoaded:1 Bounds:IsValid=true, Min=(X=-1502.000 Y=-125.000 Z=320.000), Max=(X=-478.000 Y=-75.000 Z=832.000) RuntimeGrid:None EditorOnly:0 RuntimeOnly:0 HLODRelevant:0
 |   |   |- [+] [ 20]
 |   |   |   |- Guid:B1F2618E4FC9B64DC27CDDB3C958AFBB BaseClass: NativeClass:/Script/Engine.PlayerStart Name:PlayerStart_UAID_A0595066C34362A101_1587621428 Label:PlayerStart SpatiallyLoaded:0 Bounds:IsValid=true, Min=(X=-740.000 Y=-40.000 Z=158.000), Max=(X=-660.000 Y=40.000 Z=342.000) RuntimeGrid:None EditorOnly:0 RuntimeOnly:0 HLODRelevant:0
 |   |   |- [+] [ 21]
 |   |   |   |- Guid:82864F974A800D36C7E39CB4B4706D27 BaseClass: NativeClass:/Script/Engine.SkyLight Name:SkyLight_UAID_A85E45CFE40401D200_1470380759 Label:SkyLight SpatiallyLoaded:0 Bounds:IsValid=true, Min=(X=0.000 Y=0.000 Z=0.000), Max=(X=0.000 Y=0.000 Z=0.000) RuntimeGrid:None EditorOnly:0 RuntimeOnly:0 HLODRelevant:0 FolderPath:Lighting FolderGuid:B7E9BD5B45A652654791988DEF54CCEB
 |   |   |- [+] [ 22]
 |   |   |   |- Guid:1627E34B4DF069E04B602E8BF0F93128 BaseClass:/Game/Blueprints/Interactives/BP_InteractiveSpike.BP_InteractiveSpike_C NativeClass:/Script/Engine.Actor Name:BP_InteractiveSpike_C_UAID_A0595066C34357B201_1181951459 Label:BP_InteractiveSpike3 SpatiallyLoaded:1 Bounds:IsValid=true, Min=(X=1426.000 Y=-1.000 Z=67.500), Max=(X=1514.000 Y=1.000 Z=164.000) RuntimeGrid:None EditorOnly:0 RuntimeOnly:0 HLODRelevant:0
 |   |   |- [+] [ 23]
 |   |   |   |- Guid:116E5F4543E0813540C14B99A79480FD BaseClass:/Game/Blueprints/Interactives/BP_InteractiveSpike.BP_InteractiveSpike_C NativeClass:/Script/Engine.Actor Name:BP_InteractiveSpike_C_UAID_A0595066C34357B201_1160364458 Label:BP_InteractiveSpike2 SpatiallyLoaded:1 Bounds:IsValid=true, Min=(X=1856.000 Y=-1.000 Z=67.500), Max=(X=1944.000 Y=1.000 Z=164.000) RuntimeGrid:None EditorOnly:0 RuntimeOnly:0 HLODRelevant:0
 |   |   |- [+] [ 24]
 |   |   |   |- Guid:3E0BB88D4D5D6208B39650A25EA929FE BaseClass: NativeClass:/Script/Landscape.Landscape Name:Landscape_UAID_A85E45CFE404FBD100_1221515703 Label:Landscape SpatiallyLoaded:0 Bounds:IsValid=true, Min=(X=-100800.000 Y=-100800.000 Z=100.000), Max=(X=-100800.000 Y=-100800.000 Z=100.000) RuntimeGrid:None EditorOnly:0 RuntimeOnly:0 HLODRelevant:0
 |   |   |- [+] [ 25]
 |   |   |   |- Guid:46230CD94C9C6E512649D18E406957CF BaseClass:/Game/Blueprints/Enemies/BP_MaskGolem.BP_MaskGolem_C NativeClass:/Script/Paper2D.PaperCharacter Name:BP_MaskGolem_C_UAID_A0595066C34356B201_1734822268 Label:BP_MaskGolem SpatiallyLoaded:1 Bounds:IsValid=true, Min=(X=158.000 Y=-34.000 Z=66.000), Max=(X=270.000 Y=34.000 Z=194.000) RuntimeGrid:None EditorOnly:0 RuntimeOnly:0 HLODRelevant:0
 |   |   |- [+] [ 26]
 |   |   |   |- Guid:3572334D4EDC5FC3C5D92D9988EB0E6E BaseClass: NativeClass:/Script/Engine.VolumetricCloud Name:VolumetricCloud_UAID_A85E45CFE40401D200_1470381760 Label:VolumetricCloud SpatiallyLoaded:0 Bounds:IsValid=true, Min=(X=0.000 Y=0.000 Z=0.000), Max=(X=0.000 Y=0.000 Z=0.000) RuntimeGrid:None EditorOnly:0 RuntimeOnly:0 HLODRelevant:0 FolderPath:Lighting FolderGuid:B7E9BD5B45A652654791988DEF54CCEB
 |   |   |- [+] [ 27]
 |   |   |   |- Guid:3D50F3084EEE17C8837A4B845ABC5964 BaseClass: NativeClass:/Script/Paper2D.PaperTileMapActor Name:PaperTileMapActor_UAID_A0595066C34355B201_2144056087 Label:T_Level5_Fixing_TileMap SpatiallyLoaded:1 Bounds:IsValid=true, Min=(X=-1232.000 Y=-25.000 Z=-248.000), Max=(X=3888.000 Y=25.000 Z=1032.000) RuntimeGrid:None EditorOnly:0 RuntimeOnly:0 HLODRelevant:0
 |   |   |- [+] [ 28]
 |   |   |   |- Guid:6C4962AA412AA20FAF3BBA900C7C0213 BaseClass:/Game/Blueprints/Interactives/BP_PlayerProjectile.BP_PlayerProjectile_C NativeClass:/Script/Engine.Actor Name:BP_PlayerProjectile_C_UAID_A0595066C34356B201_2099814278 Label:BP_PlayerProjectile3 SpatiallyLoaded:1 Bounds:IsValid=true, Min=(X=374.000 Y=-6.000 Z=202.000), Max=(X=426.000 Y=6.000 Z=218.000) RuntimeGrid:None EditorOnly:0 RuntimeOnly:0 HLODRelevant:0
 |   |   |- [+] [ 29]
 |   |   |   |- Guid:CAF85D8243EBE8D080EC2B98D8F2AAAB BaseClass: NativeClass:/Script/Engine.ExponentialHeightFog Name:ExponentialHeightFog_UAID_A85E45CFE40401D200_1470382763 Label:ExponentialHeightFog SpatiallyLoaded:0 Bounds:IsValid=true, Min=(X=-5600.000 Y=-50.000 Z=-6850.000), Max=(X=-5600.000 Y=-50.000 Z=-6850.000) RuntimeGrid:None EditorOnly:0 RuntimeOnly:0 HLODRelevant:0 FolderPath:Lighting FolderGuid:B7E9BD5B45A652654791988DEF54CCEB
 |   |   |- [+] [ 30]
 |   |   |   |- Guid:0CFF81A2498261D43ED0EAA2683DDEA0 BaseClass: NativeClass:/Script/Paper2D.PaperTileMapActor Name:PaperTileMapActor_UAID_047C164F758873A901_1725552873 Label:T_Level2_TileMap11 SpatiallyLoaded:1 Bounds:IsValid=true, Min=(X=2588.000 Y=-125.000 Z=-190.000), Max=(X=3612.000 Y=-75.000 Z=322.000) RuntimeGrid:None EditorOnly:0 RuntimeOnly:0 HLODRelevant:0
 |   |   |- [+] [ 31]
 |   |   |   |- Guid:C30301444B3D8127C7E661BCB206CE2D BaseClass:/Game/Blueprints/Enemies/BP_MaskGolem.BP_MaskGolem_C NativeClass:/Script/Paper2D.PaperCharacter Name:BP_MaskGolem_C_UAID_A0595066C34356B201_1809087271 Label:BP_MaskGolem4 SpatiallyLoaded:1 Bounds:IsValid=true, Min=(X=1818.000 Y=-34.000 Z=66.000), Max=(X=1930.000 Y=34.000 Z=194.000) RuntimeGrid:None EditorOnly:0 RuntimeOnly:0 HLODRelevant:0
 |   |   |- [+] [ 32]
 |   |   |   |- Guid:B3098B8B4C1900DFB2259699828BABB9 BaseClass:/Game/Blueprints/Interactives/BP_PlayerProjectile.BP_PlayerProjectile_C NativeClass:/Script/Engine.Actor Name:BP_PlayerProjectile_C_UAID_A0595066C34356B201_2015807276 Label:BP_PlayerProjectile SpatiallyLoaded:1 Bounds:IsValid=true, Min=(X=1654.000 Y=-6.000 Z=212.000), Max=(X=1706.000 Y=6.000 Z=228.000) RuntimeGrid:None EditorOnly:0 RuntimeOnly:0 HLODRelevant:0
 |   |   |- [+] [ 33]
 |   |   |   |- Guid:8CDB457447A4C88FF3B0BCB5C446A270 BaseClass:/Game/Blueprints/Enemies/BP_EnemyBat.BP_EnemyBat_C NativeClass:/Script/Paper2D.PaperCharacter Name:BP_EnemyBat_C_UAID_A0595066C34356B201_1880272274 Label:BP_EnemyBat3 SpatiallyLoaded:1 Bounds:IsValid=true, Min=(X=28.000 Y=-34.000 Z=478.000), Max=(X=212.000 Y=34.000 Z=582.000) RuntimeGrid:None EditorOnly:0 RuntimeOnly:0 HLODRelevant:0
 |   |   |- [+] [ 34]
 |   |   |   |- Guid:A8C9005E43974D174C35ED85EE09B6DB BaseClass:/Game/Blueprints/Enemies/BP_MaskGolem.BP_MaskGolem_C NativeClass:/Script/Paper2D.PaperCharacter Name:BP_MaskGolem_C_UAID_A0595066C34356B201_1747158269 Label:BP_MaskGolem2 SpatiallyLoaded:1 Bounds:IsValid=true, Min=(X=518.000 Y=-34.000 Z=66.000), Max=(X=630.000 Y=34.000 Z=194.000) RuntimeGrid:None EditorOnly:0 RuntimeOnly:0 HLODRelevant:0
 |   |   |- [+] [ 35]
 |   |   |   |- Guid:82A5741E48C755B9DFD70B800BC1E113 BaseClass:/Game/Blueprints/Interactives/BP_InteractiveSpike.BP_InteractiveSpike_C NativeClass:/Script/Engine.Actor Name:BP_InteractiveSpike_C_UAID_A0595066C34357B201_1189990460 Label:BP_InteractiveSpike4 SpatiallyLoaded:1 Bounds:IsValid=true, Min=(X=1226.000 Y=-1.000 Z=67.500), Max=(X=1314.000 Y=1.000 Z=164.000) RuntimeGrid:None EditorOnly:0 RuntimeOnly:0 HLODRelevant:0
 |   |   |- [+] [ 36]
 |   |   |   |- Guid:B9C4B7C5408B351A75597A9A592E5997 BaseClass:/Game/Blueprints/Interactives/BP_InteractiveSpring.BP_InteractiveSpring_C NativeClass:/Script/Engine.Actor Name:BP_InteractiveSpring_C_UAID_A0595066C34357B201_1240611461 Label:BP_InteractiveSpring SpatiallyLoaded:1 Bounds:IsValid=true, Min=(X=136.000 Y=-1.000 Z=65.000), Max=(X=244.000 Y=1.000 Z=174.000) RuntimeGrid:None EditorOnly:0 RuntimeOnly:0 HLODRelevant:0
 |   |   |- [+] [ 37]
 |   |   |   |- Guid:5BE476F94F38B92769BD04A62277BE0E BaseClass: NativeClass:/Script/Engine.DirectionalLight Name:DirectionalLight_UAID_A85E45CFE40401D200_1470382761 Label:DirectionalLight SpatiallyLoaded:0 Bounds:IsValid=true, Min=(X=-4398046511104.000 Y=-4398046511104.000 Z=-4398046511104.000), Max=(X=4398046511104.000 Y=4398046511104.000 Z=4398046511104.000) RuntimeGrid:None EditorOnly:0 RuntimeOnly:0 HLODRelevant:0 FolderPath:Lighting FolderGuid:B7E9BD5B45A652654791988DEF54CCEB
 |   |   |- [+] [ 38]
 |   |   |   |- Guid:D0218E014252AE1EEFDB92BF9F2D0C77 BaseClass:/Game/Blueprints/Interactives/BP_InteractiveSpike.BP_InteractiveSpike_C NativeClass:/Script/Engine.Actor Name:BP_InteractiveSpike_C_UAID_A0595066C34357B201_1147359457 Label:BP_InteractiveSpike SpatiallyLoaded:1 Bounds:IsValid=true, Min=(X=2046.000 Y=-1.000 Z=67.500), Max=(X=2134.000 Y=1.000 Z=164.000) RuntimeGrid:None EditorOnly:0 RuntimeOnly:0 HLODRelevant:0
 |   |   |- [+] [ 39]
 |   |   |   |- Guid:D7A244874E62B80A3B425CB4C1F94424 BaseClass:/Game/Blueprints/Interactives/BP_interactiveHealth.BP_interactiveHealth_C NativeClass:/Script/Engine.Actor Name:BP_interactiveHealth_C_UAID_A0595066C34357B201_1090075456 Label:BP_interactiveHealth2 SpatiallyLoaded:1 Bounds:IsValid=true, Min=(X=1332.000 Y=-1.000 Z=324.000), Max=(X=1388.000 Y=1.000 Z=376.000) RuntimeGrid:None EditorOnly:0 RuntimeOnly:0 HLODRelevant:0
 |   |   |- [+] [ 40]
 |   |   |   |- Guid:F37D225647525458198D2AB33C4F5569 BaseClass: NativeClass:/Script/Engine.WorldDataLayers Name:WorldDataLayers Label:WorldDataLayers-1 SpatiallyLoaded:0 Bounds:IsValid=true, Min=(X=0.000 Y=0.000 Z=0.000), Max=(X=0.000 Y=0.000 Z=0.000) RuntimeGrid:None EditorOnly:0 RuntimeOnly:0 HLODRelevant:0
 |   |   |- [+] [ 41]
 |   |   |   |- Guid:ED3276124B0D76AF0A6EE68E4318A66A BaseClass:/Game/Blueprints/Interactives/BP_InteractiveEndGoal.BP_InteractiveEndGoal_C NativeClass:/Script/Engine.Actor Name:BP_InteractiveEndGoal_C_UAID_047C164F758873A901_1334185868 Label:BP_InteractiveEndGoal SpatiallyLoaded:1 Bounds:IsValid=true, Min=(X=3354.075 Y=-48.000 Z=200.000), Max=(X=3485.700 Y=48.000 Z=338.150) RuntimeGrid:None EditorOnly:0 RuntimeOnly:0 HLODRelevant:0
 |- ContainerInstances:
 |- [+] MainContainer:
 |   |-        ID: 0x0000000000000000
 |   |-    Bounds: IsValid=true, Min=(X=-1502.000 Y=-125.000 Z=-248.000), Max=(X=3888.000 Y=48.000 Z=1032.000)
 |   |- Transform: 0.000000,0.000000,0.000000|0.000000,0.000000,-0.000000|1.000000,1.000000,1.000000
 |   |- Container: /Game/Levels/Level5
----------------------------------------------------------------------------------------------------------------
Level5 - Persistent Level
----------------------------------------------------------------------------------------------------------------
Always loaded Actor Count: 38 

----------------------------------------------------------------------------------------------------------------
Level5 - Runtime Spatial Hash - Streaming Grid - MainGrid
----------------------------------------------------------------------------------------------------------------
            Origin: X=0.000 Y=0.000 Z=0.000
         Cell Size: 25600
      World Bounds: IsValid=true, Min=(X=-1502.000 Y=-125.000 Z=-248.000), Max=(X=3888.000 Y=48.000 Z=1032.000)
     Loading Range: 76800.00
Block Slow Loading: No
 ClientOnlyVisible: No

[+] Grid Levels: 2
 |- Level  0: Cell Count    2 | Cell Size   25600 | Actor Count    9 (100.0%)
 |- Level  1: Cell Count    0 | Cell Size   51200 | Actor Count    0 (0.0%)

[+] Content of Grid Level 0
 |- [+] Content of Cell MainGrid_L0_X0_Y-1
 |   |- Actor Count: 7
 |   |- Actor Path: /Game/Levels/Level5.Level5:PersistentLevel.PaperTileMapActor_UAID_047C164F758873A901_1665388865
 |   |- Actor Package: /Game/__ExternalActors__/Levels/Level5/0/JV/PZ637215RUMHCCEN5ACTHF
 |   |- Actor Path: /Game/Levels/Level5.Level5:PersistentLevel.PaperTileMapActor_UAID_047C164F758873A901_1688463868
 |   |- Actor Package: /Game/__ExternalActors__/Levels/Level5/0/V6/EUEO0PUHISV1PS4A6MMFGW
 |   |- Actor Path: /Game/Levels/Level5.Level5:PersistentLevel.PaperTileMapActor_UAID_047C164F758873A901_1674124866
 |   |- Actor Package: /Game/__ExternalActors__/Levels/Level5/4/O2/OLUCRO87L5A0SCNSAI0L1F
 |   |- Actor Path: /Game/Levels/Level5.Level5:PersistentLevel.PaperTileMapActor_UAID_047C164F758873A901_1725551871
 |   |- Actor Package: /Game/__ExternalActors__/Levels/Level5/5/LY/HKRW76B0MXZ8PEFP4B9P3Z
 |   |- Actor Path: /Game/Levels/Level5.Level5:PersistentLevel.PaperTileMapActor_UAID_047C164F758873A901_1725552872
 |   |- Actor Package: /Game/__ExternalActors__/Levels/Level5/6/0B/8WG5AP63X0PD3150U506Q1
 |   |- Actor Path: /Game/Levels/Level5.Level5:PersistentLevel.PaperTileMapActor_UAID_047C164F758873A901_1677762867
 |   |- Actor Package: /Game/__ExternalActors__/Levels/Level5/6/16/T9UZR5OWAYV2Z3B691RGWY
 |   |- Actor Path: /Game/Levels/Level5.Level5:PersistentLevel.PaperTileMapActor_UAID_047C164F758873A901_1725552873
 |   |- Actor Package: /Game/__ExternalActors__/Levels/Level5/C/NO/MMVP1RWE4DZJ6MFTUMNXJS
 |- [+] Content of Cell MainGrid_L0_X-1_Y-1
 |   |- Actor Count: 2
 |   |- Actor Path: /Game/Levels/Level5.Level5:PersistentLevel.PaperTileMapActor_UAID_047C164F758873A901_1725548869
 |   |- Actor Package: /Game/__ExternalActors__/Levels/Level5/1/YE/J6MAX8HYYU2N9U0Q67FSWS
 |   |- Actor Path: /Game/Levels/Level5.Level5:PersistentLevel.PaperTileMapActor_UAID_047C164F758873A901_1596007863
 |   |- Actor Package: /Game/__ExternalActors__/Levels/Level5/6/UX/1DI2KXMAN7UHO7KN066GZZ
[+] Content of Grid Level 1

